Performing C SOURCE FILE Test CMAKE_HAVE_LIBC_PTHREAD failed with the following output:
Change Dir: /home/alfonso/Escritorio/PruebaTecnicaIkerlan/cmake-build-debug/CMakeFiles/CMakeScratch/TryCompile-RBzp4J

Run Build Command(s):/home/alfonso/.local/share/JetBrains/Toolbox/apps/CLion/ch-0/231.8770.66/bin/ninja/linux/x64/ninja cmTC_f1908 && [1/2] Building C object CMakeFiles/cmTC_f1908.dir/src.c.o
[2/2] Linking C executable cmTC_f1908
FAILED: cmTC_f1908 
: && /usr/bin/cc   CMakeFiles/cmTC_f1908.dir/src.c.o -o cmTC_f1908   && :
CMakeFiles/cmTC_f1908.dir/src.c.o: En la función `main':
src.c:(.text+0x3e): referencia a `pthread_create' sin definir
src.c:(.text+0x4a): referencia a `pthread_detach' sin definir
src.c:(.text+0x56): referencia a `pthread_cancel' sin definir
src.c:(.text+0x67): referencia a `pthread_join' sin definir
src.c:(.text+0x7b): referencia a `pthread_atfork' sin definir
collect2: error: ld returned 1 exit status
ninja: build stopped: subcommand failed.


Source file was:
#include <pthread.h>

static void* test_func(void* data)
{
  return data;
}

int main(void)
{
  pthread_t thread;
  pthread_create(&thread, NULL, test_func, NULL);
  pthread_detach(thread);
  pthread_cancel(thread);
  pthread_join(thread, NULL);
  pthread_atfork(NULL, NULL, NULL);
  pthread_exit(NULL);

  return 0;
}


Determining if the function pthread_create exists in the pthreads failed with the following output:
Change Dir: /home/alfonso/Escritorio/PruebaTecnicaIkerlan/cmake-build-debug/CMakeFiles/CMakeScratch/TryCompile-4HRBy6

Run Build Command(s):/home/alfonso/.local/share/JetBrains/Toolbox/apps/CLion/ch-0/231.8770.66/bin/ninja/linux/x64/ninja cmTC_fc062 && [1/2] Building C object CMakeFiles/cmTC_fc062.dir/CheckFunctionExists.c.o
[2/2] Linking C executable cmTC_fc062
FAILED: cmTC_fc062 
: && /usr/bin/cc -DCHECK_FUNCTION_EXISTS=pthread_create  CMakeFiles/cmTC_fc062.dir/CheckFunctionExists.c.o -o cmTC_fc062  -lpthreads && :
/usr/bin/ld: no se puede encontrar -lpthreads
collect2: error: ld returned 1 exit status
ninja: build stopped: subcommand failed.



